<?xml version="1.0" encoding="UTF-8"?>
<!-- Generated by org.testng.reporters.JUnitReportReporter -->
<testsuite hostname="LAPTOP-BFT9M22G" name="amazonTestCase.AmazonLoginDemoTest" tests="1" failures="0" timestamp="27 Apr 2020 14:50:37 GMT" time="144.645" errors="0">
  <testcase name="firstRun" time="144.645" classname="amazonTestCase.AmazonLoginDemoTest"/>
</testsuite> <!-- amazonTestCase.AmazonLoginDemoTest -->
